<?xml version="1.0" encoding="UTF-8"?>
<TestRun id="9910ef53-433b-456e-bfc9-25f9b7b76295" name="andy@WANFACH 2010-06-16 23:01:00" runUser="wanfach\andy" xmlns="http://microsoft.com/schemas/VisualStudio/TeamTest/2010">
  <TestSettings name="Local" id="11316c2d-f92d-4fba-885b-ed35da5a29fd">
    <Description>These are default test settings for a local test run.</Description>
    <Deployment enabled="false" runDeploymentRoot="andy_WANFACH 2010-06-16 23_01_00">
      <DeploymentItem filename="D:\TrainingMaterials\trunk\GNET\Labs\EFRepository\After Part 3\AcmeCorpEntities\bin\Debug\AcmeCorpEntities.dll" />
      <DeploymentItem filename="D:\TrainingMaterials\trunk\GNET\Labs\EFRepository\After Part 3\AcmeCorpServices\bin\Debug\AcmeCorpServices.dll" />
    </Deployment>
    <Execution>
      <TestTypeSpecific />
      <AgentRule name="Execution Agents">
      </AgentRule>
    </Execution>
  </TestSettings>
  <Times creation="2010-06-16T23:01:00.0750780+01:00" queuing="2010-06-16T23:01:01.7321728+01:00" start="2010-06-16T23:01:01.8211779+01:00" finish="2010-06-16T23:01:03.4102688+01:00" />
  <ResultSummary outcome="Completed">
    <Counters total="1" executed="1" passed="1" error="0" failed="0" timeout="0" aborted="0" inconclusive="0" passedButRunAborted="0" notRunnable="0" notExecuted="0" disconnected="0" warning="0" completed="0" inProgress="0" pending="0" />
  </ResultSummary>
  <TestDefinitions>
    <UnitTest name="TestMethod1" storage="d:\trainingmaterials\trunk\gnet\labs\efrepository\after part 3\testacmecorpservices\bin\debug\testacmecorpservices.dll" id="2ef89fff-e375-67d6-a826-290094dfac94">
      <Execution id="d69141c7-bf9a-4786-b4da-7ec73470db3a" />
      <TestMethod codeBase="D:/TrainingMaterials/trunk/GNET/Labs/EFRepository/After Part 3/TestAcmeCorpServices/bin/Debug/TestAcmeCorpServices.DLL" adapterTypeName="Microsoft.VisualStudio.TestTools.TestTypes.Unit.UnitTestAdapter, Microsoft.VisualStudio.QualityTools.Tips.UnitTest.Adapter, Version=10.0.0.0, Culture=neutral, PublicKeyToken=b03f5f7f11d50a3a" className="TestAcmeCorpServices.TestPurchaseOrderService, TestAcmeCorpServices, Version=1.0.0.0, Culture=neutral, PublicKeyToken=null" name="TestMethod1" />
    </UnitTest>
  </TestDefinitions>
  <TestLists>
    <TestList name="Results Not in a List" id="8c84fa94-04c1-424b-9868-57a2d4851a1d" />
    <TestList name="All Loaded Results" id="19431567-8539-422a-85d7-44ee4e166bda" />
  </TestLists>
  <TestEntries>
    <TestEntry testId="2ef89fff-e375-67d6-a826-290094dfac94" executionId="d69141c7-bf9a-4786-b4da-7ec73470db3a" testListId="8c84fa94-04c1-424b-9868-57a2d4851a1d" />
  </TestEntries>
  <Results>
    <UnitTestResult executionId="d69141c7-bf9a-4786-b4da-7ec73470db3a" testId="2ef89fff-e375-67d6-a826-290094dfac94" testName="TestMethod1" computerName="WANFACH" duration="00:00:00.0233938" startTime="2010-06-16T23:01:01.8651804+01:00" endTime="2010-06-16T23:01:03.3212637+01:00" testType="13cdc9d9-ddb5-4fa4-a97d-d965ccfc6d4b" outcome="Passed" testListId="8c84fa94-04c1-424b-9868-57a2d4851a1d" relativeResultsDirectory="d69141c7-bf9a-4786-b4da-7ec73470db3a">
    </UnitTestResult>
  </Results>
</TestRun>